<?xml version="1.0" encoding="UTF-8"?>
<testsuite xmlns:xsi="http://www.w3.org/2001/XMLSchema-instance" xsi:noNamespaceSchemaLocation="https://maven.apache.org/surefire/maven-surefire-plugin/xsd/surefire-test-report-3.0.xsd" version="3.0" name="com.medecineApp.service.DemandeExpertiseServiceTest" time="1.155" tests="11" errors="0" skipped="0" failures="0">
  <properties>
[...]
</properties>
  <testcase name="testSaveDemande_SpecialisteNotFound" classname="com.medecineApp.service.DemandeExpertiseServiceTest" time="1.031"/>
  <testcase name="testUpdateReponseAndTarif_Success" classname="com.medecineApp.service.DemandeExpertiseServiceTest" time="0.023"/>
  <testcase name="testSaveDemande_ConsultationNotFound" classname="com.medecineApp.service.DemandeExpertiseServiceTest" time="0.004"/>
  <testcase name="testDeleteDemande" classname="com.medecineApp.service.DemandeExpertiseServiceTest" time="0.004"/>
  <testcase name="testTotalDemandeSpecialiste" classname="com.medecineApp.service.DemandeExpertiseServiceTest" time="0.004"/>
  <testcase name="testGetAllDemandes" classname="com.medecineApp.service.DemandeExpertiseServiceTest" time="0.005"/>
  <testcase name="testRevenuSpecialiste" classname="com.medecineApp.service.DemandeExpertiseServiceTest" time="0.013"/>
  <testcase name="testGetNowDemandesBySpecialisteId" classname="com.medecineApp.service.DemandeExpertiseServiceTest" time="0.007"/>
  <testcase name="testGetDemandesByConsultationId" classname="com.medecineApp.service.DemandeExpertiseServiceTest" time="0.003"/>
  <testcase name="testGetDemande" classname="com.medecineApp.service.DemandeExpertiseServiceTest" time="0.005"/>
  <testcase name="testSaveDemande_Success" classname="com.medecineApp.service.DemandeExpertiseServiceTest" time="0.004"/>
</testsuite>